<?xml version="1.0" encoding="utf-8"?><testsuites name="pytest tests"><testsuite name="pytest" errors="0" failures="0" skipped="2" tests="154" time="22.007" timestamp="2026-07-29T22:31:06.232481+02:00" hostname="Znbook"><testcase classname="tests.models.heston.test_heston_fourier_backends" name="test_heston_probability_dispatches_to_quad_backend" time="0.001" /><testcase classname="tests.models.heston.test_heston_fourier_backends" name="test_heston_probability_dispatches_to_gauss_legendre_backend" time="0.001" /><testcase classname="tests.models.heston.test_heston_fourier_backends" name="test_heston_probability_dispatches_to_gauss_legendre_backend_with_explicit_rule" time="0.001" /><testcase classname="tests.models.heston.test_heston_fourier_backends" name="test_heston_probability_batch_matches_scalar_route_for_same_backend[gauss_legendre]" time="0.004" /><testcase classname="tests.models.heston.test_heston_fourier_backends" name="test_heston_probability_batch_matches_scalar_route_for_same_backend[quad]" time="0.489" /><testcase classname="tests.models.heston.test_heston_fourier_backends" name="test_heston_probability_with_diagnostics_dispatches_to_quad_backend" time="0.001" /><testcase classname="tests.models.heston.test_heston_fourier_backends" name="test_heston_probability_with_diagnostics_dispatches_to_gauss_legendre_backend" time="0.001" /><testcase classname="tests.models.heston.test_heston_fourier_backends" name="test_gauss_backend_rejects_quad_cfg_and_rule_together[heston_probability]" time="0.001" /><testcase classname="tests.models.heston.test_heston_fourier_backends" name="test_gauss_backend_rejects_quad_cfg_and_rule_together[heston_probability_with_diagnostics]" time="0.001" /><testcase classname="tests.models.heston.test_heston_fourier_backends" name="test_heston_build_gauss_rule_reuses_generic_cached_rule" time="0.001" /><testcase classname="tests.models.heston.test_heston_fourier_backends" name="test_gauss_backend_converges_as_u_max_increases" time="0.005" /><testcase classname="tests.models.heston.test_heston_fourier_backends" name="test_gauss_backend_converges_as_n_panels_increase" time="0.003" /><testcase classname="tests.models.heston.test_heston_fourier_backends" name="test_gauss_backend_converges_as_nodes_per_panel_increase" time="0.003" /><testcase classname="tests.models.heston.test_heston_fourier_backends" name="test_gauss_legendre_tracks_quad_across_representative_regimes[ordinary]" time="0.453" /><testcase classname="tests.models.heston.test_heston_fourier_backends" name="test_gauss_legendre_tracks_quad_across_representative_regimes[near-black]" time="0.961" /><testcase classname="tests.models.heston.test_heston_fourier_backends" name="test_gauss_legendre_tracks_quad_across_representative_regimes[near-deterministic]" time="2.118" /><testcase classname="tests.models.heston.test_heston_fourier_backends" name="test_gauss_legendre_tracks_quad_across_representative_regimes[awkward-corr-volvol]" time="0.694" /><testcase classname="tests.models.heston.test_heston_reference_prices" name="test_heston_reference_call_prices[mild_negative_skew]" time="0.003" /><testcase classname="tests.models.heston.test_heston_reference_prices" name="test_heston_reference_call_prices[high_vol_of_vol]" time="0.002" /><testcase classname="tests.models.heston.test_heston_reference_prices" name="test_heston_reference_call_prices[short_maturity]" time="0.002" /><testcase classname="tests.models.heston.test_heston_reference_prices" name="test_heston_reference_call_prices[long_maturity]" time="0.002" /><testcase classname="tests.models.heston.test_heston_reference_prices" name="test_heston_reference_call_prices[positive_rho]" time="0.002" /><testcase classname="tests.models.heston.test_heston_reference_prices" name="test_heston_reference_put_prices[mild_negative_skew]" time="0.002" /><testcase classname="tests.models.heston.test_heston_reference_prices" name="test_heston_reference_put_prices[high_vol_of_vol]" time="0.002" /><testcase classname="tests.models.heston.test_heston_reference_prices" name="test_heston_reference_put_prices[short_maturity]" time="0.002" /><testcase classname="tests.models.heston.test_heston_reference_prices" name="test_heston_reference_put_prices[long_maturity]" time="0.003" /><testcase classname="tests.models.heston.test_heston_reference_prices" name="test_heston_reference_put_prices[positive_rho]" time="0.002" /><testcase classname="tests.models.heston.test_heston_reference_prices" name="test_heston_reference_prices_obey_static_no_arbitrage[mild_negative_skew]" time="0.004" /><testcase classname="tests.models.heston.test_heston_reference_prices" name="test_heston_reference_prices_obey_static_no_arbitrage[high_vol_of_vol]" time="0.004" /><testcase classname="tests.models.heston.test_heston_reference_prices" name="test_heston_reference_prices_obey_static_no_arbitrage[short_maturity]" time="0.003" /><testcase classname="tests.models.heston.test_heston_reference_prices" name="test_heston_reference_prices_obey_static_no_arbitrage[long_maturity]" time="0.004" /><testcase classname="tests.models.heston.test_heston_reference_prices" name="test_heston_reference_prices_obey_static_no_arbitrage[positive_rho]" time="0.004" /><testcase classname="tests.models.heston.test_heston_reference_prices" name="test_heston_reference_prices_match_quantlib_when_available[mild_negative_skew]" time="0.001"><skipped type="pytest.skip" message="QuantLib is required for this optional Heston benchmark.">C:\Users\ouwez\Documents\Quant\omrr-worktrees\opl-heston-production-domain\tests\models\heston\test_heston_reference_prices.py:274: QuantLib is required for this optional Heston benchmark.</skipped></testcase><testcase classname="tests.models.heston.test_heston_reference_prices" name="test_heston_reference_prices_match_quantlib_when_available[long_maturity]" time="0.001"><skipped type="pytest.skip" message="QuantLib is required for this optional Heston benchmark.">C:\Users\ouwez\Documents\Quant\omrr-worktrees\opl-heston-production-domain\tests\models\heston\test_heston_reference_prices.py:274: QuantLib is required for this optional Heston benchmark.</skipped></testcase><testcase classname="tests.models.heston.test_heston_reference_prices" name="test_heston_published_wilmott_lewis_benchmark_calls" time="0.052" /><testcase classname="tests.models.heston.test_heston_reference_prices" name="test_heston_reference_prices_quad_backend_agrees_with_fixed_rule[mild_negative_skew]" time="0.244" /><testcase classname="tests.models.heston.test_heston_reference_prices" name="test_heston_reference_prices_quad_backend_agrees_with_fixed_rule[high_vol_of_vol]" time="0.408" /><testcase classname="tests.models.heston.test_heston_reference_prices" name="test_heston_reference_prices_quad_backend_agrees_with_fixed_rule[short_maturity]" time="0.271" /><testcase classname="tests.models.heston.test_heston_reference_prices" name="test_heston_reference_prices_quad_backend_agrees_with_fixed_rule[long_maturity]" time="0.196" /><testcase classname="tests.models.heston.test_heston_reference_prices" name="test_heston_reference_prices_quad_backend_agrees_with_fixed_rule[positive_rho]" time="0.233" /><testcase classname="tests.models.heston.test_heston_numerical_smoke_regimes" name="test_heston_very_small_vol_of_vol_limit_is_close_to_black76" time="0.009" /><testcase classname="tests.models.heston.test_heston_numerical_smoke_regimes" name="test_heston_low_correlation_regime_has_milder_skew_than_negative_correlation" time="0.032" /><testcase classname="tests.models.heston.test_heston_numerical_smoke_regimes" name="test_heston_stress_regimes_return_finite_monotone_dense_call_slices[high-xi]" time="0.015" /><testcase classname="tests.models.heston.test_heston_numerical_smoke_regimes" name="test_heston_stress_regimes_return_finite_monotone_dense_call_slices[rho-near-minus-one]" time="0.014" /><testcase classname="tests.models.heston.test_heston_numerical_smoke_regimes" name="test_heston_stress_regimes_return_finite_monotone_dense_call_slices[slow-mean-reversion]" time="0.014" /><testcase classname="tests.models.heston.test_heston_numerical_smoke_regimes" name="test_heston_stress_regimes_return_finite_monotone_dense_call_slices[small-v0]" time="0.008" /><testcase classname="tests.models.heston.test_heston_numerical_smoke_regimes" name="test_heston_stress_regimes_return_finite_monotone_dense_call_slices[long-maturity]" time="0.013" /><testcase classname="tests.models.heston.test_heston_numerical_smoke_regimes" name="test_heston_stress_regimes_return_finite_monotone_dense_call_slices[short-maturity]" time="0.016" /><testcase classname="tests.models.heston.test_heston_numerical_smoke_regimes" name="test_heston_dense_smiles_are_smooth_across_stress_regimes[high-xi]" time="0.017" /><testcase classname="tests.models.heston.test_heston_numerical_smoke_regimes" name="test_heston_dense_smiles_are_smooth_across_stress_regimes[rho-near-minus-one]" time="0.015" /><testcase classname="tests.models.heston.test_heston_numerical_smoke_regimes" name="test_heston_dense_smiles_are_smooth_across_stress_regimes[slow-mean-reversion]" time="0.015" /><testcase classname="tests.models.heston.test_heston_numerical_smoke_regimes" name="test_heston_dense_smiles_are_smooth_across_stress_regimes[small-v0]" time="0.011" /><testcase classname="tests.models.heston.test_heston_numerical_smoke_regimes" name="test_heston_dense_smiles_are_smooth_across_stress_regimes[long-maturity]" time="0.014" /><testcase classname="tests.models.heston.test_heston_numerical_smoke_regimes" name="test_heston_dense_smiles_are_smooth_across_stress_regimes[short-maturity]" time="0.018" /><testcase classname="tests.models.heston.test_heston_numerical_smoke_regimes" name="test_heston_call_slices_change_continuously_under_small_parameter_perturbations[high-xi]" time="0.027" /><testcase classname="tests.models.heston.test_heston_numerical_smoke_regimes" name="test_heston_call_slices_change_continuously_under_small_parameter_perturbations[rho-near-minus-one]" time="0.024" /><testcase classname="tests.models.heston.test_heston_numerical_robustness" name="test_overflowing_trial_is_structured_without_runtime_warning" time="0.001" /><testcase classname="tests.models.heston.test_heston_numerical_robustness" name="test_analytic_jacobian_divide_by_zero_is_structured" time="0.001" /><testcase classname="tests.models.heston.test_heston_numerical_robustness" name="test_optimizer_callbacks_never_return_nonfinite_arrays" time="0.001" /><testcase classname="tests.models.heston.test_heston_numerical_robustness" name="test_failed_numerical_seed_retains_context_and_other_seed_succeeds" time="0.001" /><testcase classname="tests.models.heston.test_heston_numerical_robustness" name="test_all_numerically_failed_seeds_preserve_all_failed_behavior" time="0.001" /><testcase classname="tests.models.heston.test_heston_numerical_robustness" name="test_scaled_cui_expressions_avoid_balanced_exponential_overflow" time="0.001" /><testcase classname="tests.models.heston.test_heston_numerical_robustness" name="test_authoritative_selected_solution_validation_is_clean" time="0.004" /><testcase classname="tests.models.heston.test_heston_numerical_robustness" name="test_authoritative_validation_promotes_runtime_warning_to_failure" time="0.001" /><testcase classname="tests.models.heston.test_heston_numerical_robustness" name="test_optimizer_success_is_rejected_when_selected_validation_fails" time="0.001" /><testcase classname="tests.models.heston.test_heston_numerical_robustness" name="test_authoritative_validation_rejects_selected_params_outside_bounds" time="0.001" /><testcase classname="tests.models.heston.test_heston_production_stress_domain" name="test_robust_production_stress_prices_are_finite_and_respect_bounds[0.8-0.005479452054794521-params0]" time="0.008" /><testcase classname="tests.models.heston.test_heston_production_stress_domain" name="test_robust_production_stress_prices_are_finite_and_respect_bounds[0.8-0.005479452054794521-params1]" time="0.007" /><testcase classname="tests.models.heston.test_heston_production_stress_domain" name="test_robust_production_stress_prices_are_finite_and_respect_bounds[0.8-0.005479452054794521-params2]" time="0.007" /><testcase classname="tests.models.heston.test_heston_production_stress_domain" name="test_robust_production_stress_prices_are_finite_and_respect_bounds[0.8-0.005479452054794521-params3]" time="0.007" /><testcase classname="tests.models.heston.test_heston_production_stress_domain" name="test_robust_production_stress_prices_are_finite_and_respect_bounds[0.8-0.005479452054794521-params4]" time="0.007" /><testcase classname="tests.models.heston.test_heston_production_stress_domain" name="test_robust_production_stress_prices_are_finite_and_respect_bounds[0.8-0.1-params0]" time="0.006" /><testcase classname="tests.models.heston.test_heston_production_stress_domain" name="test_robust_production_stress_prices_are_finite_and_respect_bounds[0.8-0.1-params1]" time="0.007" /><testcase classname="tests.models.heston.test_heston_production_stress_domain" name="test_robust_production_stress_prices_are_finite_and_respect_bounds[0.8-0.1-params2]" time="0.007" /><testcase classname="tests.models.heston.test_heston_production_stress_domain" name="test_robust_production_stress_prices_are_finite_and_respect_bounds[0.8-0.1-params3]" time="0.007" /><testcase classname="tests.models.heston.test_heston_production_stress_domain" name="test_robust_production_stress_prices_are_finite_and_respect_bounds[0.8-0.1-params4]" time="0.007" /><testcase classname="tests.models.heston.test_heston_production_stress_domain" name="test_robust_production_stress_prices_are_finite_and_respect_bounds[1.0-0.005479452054794521-params0]" time="0.006" /><testcase classname="tests.models.heston.test_heston_production_stress_domain" name="test_robust_production_stress_prices_are_finite_and_respect_bounds[1.0-0.005479452054794521-params1]" time="0.007" /><testcase classname="tests.models.heston.test_heston_production_stress_domain" name="test_robust_production_stress_prices_are_finite_and_respect_bounds[1.0-0.005479452054794521-params2]" time="0.006" /><testcase classname="tests.models.heston.test_heston_production_stress_domain" name="test_robust_production_stress_prices_are_finite_and_respect_bounds[1.0-0.005479452054794521-params3]" time="0.007" /><testcase classname="tests.models.heston.test_heston_production_stress_domain" name="test_robust_production_stress_prices_are_finite_and_respect_bounds[1.0-0.005479452054794521-params4]" time="0.007" /><testcase classname="tests.models.heston.test_heston_production_stress_domain" name="test_robust_production_stress_prices_are_finite_and_respect_bounds[1.0-0.1-params0]" time="0.007" /><testcase classname="tests.models.heston.test_heston_production_stress_domain" name="test_robust_production_stress_prices_are_finite_and_respect_bounds[1.0-0.1-params1]" time="0.007" /><testcase classname="tests.models.heston.test_heston_production_stress_domain" name="test_robust_production_stress_prices_are_finite_and_respect_bounds[1.0-0.1-params2]" time="0.007" /><testcase classname="tests.models.heston.test_heston_production_stress_domain" name="test_robust_production_stress_prices_are_finite_and_respect_bounds[1.0-0.1-params3]" time="0.007" /><testcase classname="tests.models.heston.test_heston_production_stress_domain" name="test_robust_production_stress_prices_are_finite_and_respect_bounds[1.0-0.1-params4]" time="0.007" /><testcase classname="tests.models.heston.test_heston_quadrature_recommender" name="test_recommend_heston_quadrature_config_returns_valid_cfg" time="0.000" /><testcase classname="tests.models.heston.test_heston_quadrature_recommender" name="test_recommend_heston_quadrature_config_preserves_balanced_baseline_in_ordinary_regime" time="0.000" /><testcase classname="tests.models.heston.test_heston_quadrature_recommender" name="test_recommend_heston_quadrature_config_increases_u_max_for_short_maturity" time="0.000" /><testcase classname="tests.models.heston.test_heston_quadrature_recommender" name="test_recommend_heston_quadrature_config_increases_panel_count_for_large_abs_x" time="0.000" /><testcase classname="tests.models.heston.test_heston_quadrature_recommender" name="test_recommend_heston_quadrature_config_clusters_panels_in_near_deterministic_regime" time="0.000" /><testcase classname="tests.models.heston.test_heston_quadrature_recommender" name="test_recommend_heston_quadrature_config_robust_and_diagnostics_are_monotone_vs_balanced" time="0.000" /><testcase classname="tests.models.heston.test_heston_quadrature_recommender" name="test_robust_rule_promotes_short_deep_production_stress" time="0.000" /><testcase classname="tests.models.heston.test_heston_quadrature_recommender" name="test_robust_rule_promotes_short_high_mean_reversion_near_money" time="0.000" /><testcase classname="tests.models.heston.test_heston_quadrature_recommender" name="test_diagnostics_rule_remains_monotone_in_production_stress" time="0.001" /><testcase classname="tests.models.heston.test_fourier_diagnostics" name="test_compute_global_warning_flags_probability_and_quad_error" time="0.000" /><testcase classname="tests.models.heston.test_fourier_diagnostics" name="test_heston_warning_calibration_action_policy_mapping" time="0.000" /><testcase classname="tests.models.heston.test_fourier_diagnostics" name="test_compute_fixed_rule_panel_reason_marks_nonfinite_tail_and_spike" time="0.001" /><testcase classname="tests.models.heston.test_fourier_diagnostics" name="test_compute_fixed_rule_panel_reason_ignores_tiny_oscillation_spikes" time="0.001" /><testcase classname="tests.models.heston.test_fourier_diagnostics" name="test_compute_global_warning_flags_ignores_near_origin_only_panels" time="0.001" /><testcase classname="tests.models.heston.test_fourier_diagnostics" name="test_compute_global_warning_flags_scales_with_panel_count" time="0.001" /><testcase classname="tests.models.heston.test_fourier_diagnostics" name="test_scalar_fixed_rule_diagnostics_populate_new_fields" time="0.002" /><testcase classname="tests.models.heston.test_fourier_diagnostics" name="test_batch_fixed_rule_diagnostics_shapes_match_x_shape" time="0.002" /><testcase classname="tests.models.heston.test_fourier_diagnostics" name="test_batch_quad_diagnostics_only_populate_global_fields" time="0.171" /><testcase classname="tests.models.heston.test_fourier_diagnostics" name="test_scalar_quad_diagnostics_marks_nonfinite_total_and_probability" time="0.001" /><testcase classname="tests.models.heston.test_fourier_diagnostics" name="test_scalar_quad_diagnostics_marks_out_of_range_probability" time="0.001" /><testcase classname="tests.models.heston.test_fourier_diagnostics" name="test_too_small_u_max_triggers_tail_warnings_on_hard_regime" time="0.001" /><testcase classname="tests.models.heston.test_fourier_diagnostics" name="test_hard_regime_exposes_large_cancellation_metric" time="0.002" /><testcase classname="tests.models.heston.test_fourier_diagnostics" name="test_gauss_batch_warning_flags_match_scalar_warning_flags" time="0.003" /><testcase classname="tests.models.heston.test_heston_params" name="test_heston_params_as_array_preserves_field_order" time="0.000" /><testcase classname="tests.models.heston.test_heston_params" name="test_heston_params_roundtrip_transforms_preserve_core_fields" time="0.001" /><testcase classname="tests.models.heston.test_heston_params" name="test_heston_params_pascal_case_aliases_match_snake_case_methods" time="0.001" /><testcase classname="tests.models.heston.test_heston_params" name="test_heston_params_validation_rejects_invalid_inputs[kwargs0-kappa]" time="0.001" /><testcase classname="tests.models.heston.test_heston_params" name="test_heston_params_validation_rejects_invalid_inputs[kwargs1-bar]" time="0.001" /><testcase classname="tests.models.heston.test_heston_params" name="test_heston_params_validation_rejects_invalid_inputs[kwargs2-eta]" time="0.001" /><testcase classname="tests.models.heston.test_heston_params" name="test_heston_params_validation_rejects_invalid_inputs[kwargs3-rho]" time="0.001" /><testcase classname="tests.models.heston.test_heston_params" name="test_heston_params_validation_rejects_invalid_inputs[kwargs4-\\$v\\$]" time="0.001" /><testcase classname="tests.models.heston.test_heston_params" name="test_heston_params_validation_rejects_invalid_inputs[kwargs5-finite]" time="0.001" /><testcase classname="tests.models.heston.test_heston_params" name="test_heston_params_transform_to_constrained_rejects_bad_raw_vectors" time="0.000" /><testcase classname="tests.pricers.test_heston_pricer_vectorization" name="test_probability_array_accepts_scalar_override" time="0.001" /><testcase classname="tests.pricers.test_heston_pricer_vectorization" name="test_probability_array_accepts_array_override" time="0.001" /><testcase classname="tests.pricers.test_heston_pricer_vectorization" name="test_probability_array_broadcasts_valid_override" time="0.000" /><testcase classname="tests.pricers.test_heston_pricer_vectorization" name="test_probability_array_rejects_invalid_override_values[probability_override0-probability_override must contain only finite values]" time="0.001" /><testcase classname="tests.pricers.test_heston_pricer_vectorization" name="test_probability_array_rejects_invalid_override_values[probability_override1-probability_override must contain only finite values]" time="0.001" /><testcase classname="tests.pricers.test_heston_pricer_vectorization" name="test_probability_array_rejects_invalid_override_values[-2e-12-probability_override must lie within]" time="0.001" /><testcase classname="tests.pricers.test_heston_pricer_vectorization" name="test_probability_array_rejects_invalid_override_values[1.000000000002-probability_override must lie within]" time="0.001" /><testcase classname="tests.pricers.test_heston_pricer_vectorization" name="test_heston_call_slice_matches_scalar_loop_for_same_backend[gauss_legendre]" time="0.009" /><testcase classname="tests.pricers.test_heston_pricer_vectorization" name="test_heston_call_slice_matches_scalar_loop_for_same_backend[quad]" time="1.163" /><testcase classname="tests.pricers.test_heston_pricer_vectorization" name="test_heston_put_slice_matches_scalar_loop_for_same_backend[gauss_legendre]" time="0.008" /><testcase classname="tests.pricers.test_heston_pricer_vectorization" name="test_heston_put_slice_matches_scalar_loop_for_same_backend[quad]" time="1.161" /><testcase classname="tests.pricers.test_heston_pricer_vectorization" name="test_heston_pricer_preserves_scalar_return_type" time="0.001" /><testcase classname="tests.pricers.test_heston_pricer_vectorization" name="test_heston_pricer_rejects_nonpositive_strikes_in_array" time="0.001" /><testcase classname="tests.pricers.test_heston_pricer_vectorization" name="test_heston_call_pricer_defaults_to_gauss_legendre_backend" time="0.001" /><testcase classname="tests.pricers.test_heston_pricer_vectorization" name="test_heston_pricer_forwards_explicit_backend" time="0.001" /><testcase classname="tests.pricers.test_heston_pricer_vectorization" name="test_heston_call_pricer_forwards_quad_cfg" time="0.001" /><testcase classname="tests.pricers.test_heston_pricer_vectorization" name="test_heston_put_pricer_forwards_rule" time="0.001" /><testcase classname="tests.pricers.test_heston_pricer_vectorization" name="test_heston_instrument_pricer_from_ctx_forwards_backend" time="0.000" /><testcase classname="tests.pricers.test_heston_pricer_vectorization" name="test_heston_instrument_pricer_forwards_backend" time="0.001" /><testcase classname="tests.pricers.test_heston_pricer_vectorization" name="test_heston_pricer_raises_when_quad_cfg_and_rule_are_both_provided" time="0.000" /><testcase classname="tests.market.test_market_parity" name="test_put_call_parity_residual_near_zero" time="0.001" /><testcase classname="tests.diagnostics.heston.test_heston_integration" name="test_integration_diagnostics_gauss_builds_readable_panel_warning_and_reason_tables" time="0.013" /><testcase classname="tests.diagnostics.heston.test_heston_integration" name="test_integration_diagnostics_quad_marks_panel_detail_unavailable" time="0.151" /><testcase classname="tests.diagnostics.heston.test_heston_integration" name="test_integration_diagnostics_decodes_warning_and_reason_counts_for_stressed_case" time="0.010" /><testcase classname="tests.diagnostics.heston.test_heston_integration" name="test_integration_config_sweep_returns_summary_table_and_artifacts_by_label" time="0.151" /><testcase classname="tests.diagnostics.heston.test_heston_pricing" name="test_run_heston_pricing_diagnostics_returns_required_tables_and_slice_contract" time="0.957" /><testcase classname="tests.diagnostics.heston.test_heston_pricing" name="test_run_heston_pricing_diagnostics_matches_public_prices_when_probability_warnings_exist" time="1.249" /><testcase classname="tests.diagnostics.heston.test_heston_pricing" name="test_perturbation_instability_mask_requires_relative_and_absolute_thresholds" time="0.001" /><testcase classname="tests.diagnostics.heston.test_heston_pricing" name="test_demo11_style_otm_flags_split_parameter_sensitivity_from_suspicious" time="5.991" /><testcase classname="tests.diagnostics.heston.test_heston_pricing" name="test_recommended_cfg_perturbation_runs_reuse_resolved_primary_config" time="2.027" /><testcase classname="tests.diagnostics.heston.test_heston_pricing" name="test_run_heston_pricing_diagnostics_uses_recommended_configs_when_enabled" time="0.238" /><testcase classname="tests.diagnostics.heston.test_heston_pricing" name="test_run_heston_pricing_diagnostics_respects_explicit_quad_cfg_over_recommendation_flag" time="0.685" /><testcase classname="tests.diagnostics.heston.test_heston_pricing" name="test_run_heston_pricing_diagnostics_respects_explicit_rule_over_recommendation_flag" time="0.675" /><testcase classname="tests.diagnostics.heston.test_heston_pricing" name="test_run_heston_pricing_diagnostics_quad_backend_rejects_quad_cfg_and_rule[backend_kwargs0]" time="0.001" /><testcase classname="tests.diagnostics.heston.test_heston_pricing" name="test_run_heston_pricing_diagnostics_quad_backend_rejects_quad_cfg_and_rule[backend_kwargs1]" time="0.001" /></testsuite></testsuites>